<?xml version="1.0" encoding="UTF-8"?>
<Site BuildName="Linux-g++"
	BuildStamp="20231201-0917-Experimental"
	Name="lukelinux"
	Generator="ctest-3.27.9"
	CompilerName="/usr/bin/g++"
	CompilerVersion="13.2.1"
	OSName="Linux"
	Hostname="lukelinux"
	OSRelease="6.5.11-1-MANJARO"
	OSVersion="#1 SMP PREEMPT_DYNAMIC Thu Nov  9 02:34:53 UTC 2023"
	OSPlatform="x86_64"
	Is64Bits="1"
	VendorString="GenuineIntel"
	VendorID="Intel Corporation"
	FamilyID="6"
	ModelID="26"
	ProcessorCacheSize="8192"
	NumberOfLogicalCPU="8"
	NumberOfPhysicalCPU="4"
	TotalVirtualMemory="9011"
	TotalPhysicalMemory="5925"
	LogicalProcessorsPerPhysical="2"
	ProcessorClockFrequency="2715.46"
	>
	<Testing>
		<StartDateTime>Dec 02 10:46 AEDT</StartDateTime>
		<StartTestTime>1701474367</StartTestTime>
		<TestList/>
		<EndDateTime>Dec 02 10:46 AEDT</EndDateTime>
		<EndTestTime>1701474367</EndTestTime>
		<ElapsedMinutes>0</ElapsedMinutes>
	</Testing>
</Site>
